06-Oct-2017 16:21:54.901 INFORMAZIONI [http-nio-8088-exec-9] org.apache.catalina.core.ApplicationContext.log Manager: init: Associated with Deployer 'Catalina:type=Deployer,host=localhost'
06-Oct-2017 16:21:54.901 INFORMAZIONI [http-nio-8088-exec-9] org.apache.catalina.core.ApplicationContext.log Manager: init: Global resources are available
06-Oct-2017 16:21:54.901 INFORMAZIONI [http-nio-8088-exec-9] org.apache.catalina.core.ApplicationContext.log Manager: list: Listing contexts for virtual host 'localhost'
06-Oct-2017 16:21:57.022 INFORMAZIONI [http-nio-8088-exec-4] org.apache.catalina.core.ApplicationContext.log Manager: list: Listing contexts for virtual host 'localhost'
06-Oct-2017 16:21:57.028 INFORMAZIONI [http-nio-8088-exec-5] org.apache.catalina.core.ApplicationContext.log Manager: list: Listing contexts for virtual host 'localhost'
06-Oct-2017 16:21:57.067 INFORMAZIONI [http-nio-8088-exec-6] org.apache.catalina.core.ApplicationContext.log Manager: install: Installing context configuration at 'file:/C:/Users/andre/AppData/Local/Temp/context8101278495082026824.xml'
06-Oct-2017 16:21:58.221 INFORMAZIONI [http-nio-8088-exec-7] org.apache.catalina.core.ApplicationContext.log Manager: start: Starting web application '/MYUNIVAQ3'
06-Oct-2017 16:29:42.345 INFORMAZIONI [http-nio-8088-exec-10] org.apache.catalina.core.ApplicationContext.log Manager: list: Listing contexts for virtual host 'localhost'
06-Oct-2017 16:29:42.359 INFORMAZIONI [http-nio-8088-exec-1] org.apache.catalina.core.ApplicationContext.log Manager: list: Listing contexts for virtual host 'localhost'
06-Oct-2017 16:29:42.415 INFORMAZIONI [http-nio-8088-exec-2] org.apache.catalina.core.ApplicationContext.log Manager: undeploy: Undeploying web application at '/MYUNIVAQ3'
06-Oct-2017 16:29:43.419 INFORMAZIONI [http-nio-8088-exec-3] org.apache.catalina.core.ApplicationContext.log Manager: install: Installing context configuration at 'file:/C:/Users/andre/AppData/Local/Temp/context7547985544932727547.xml'
06-Oct-2017 16:29:44.090 INFORMAZIONI [http-nio-8088-exec-10] org.apache.catalina.core.ApplicationContext.log Manager: start: Starting web application '/MYUNIVAQ3'
06-Oct-2017 16:30:47.413 INFORMAZIONI [http-nio-8088-exec-3] org.apache.catalina.core.ApplicationContext.log Manager: list: Listing contexts for virtual host 'localhost'
06-Oct-2017 16:30:47.434 INFORMAZIONI [http-nio-8088-exec-15] org.apache.catalina.core.ApplicationContext.log Manager: stop: Stopping web application '/MYUNIVAQ3'
06-Oct-2017 16:30:47.589 INFORMAZIONI [http-nio-8088-exec-14] org.apache.catalina.core.ApplicationContext.log Manager: start: Starting web application '/MYUNIVAQ3'
06-Oct-2017 16:30:52.820 INFORMAZIONI [http-nio-8088-exec-13] org.apache.catalina.core.ApplicationContext.log Manager: list: Listing contexts for virtual host 'localhost'
06-Oct-2017 16:30:52.863 INFORMAZIONI [http-nio-8088-exec-9] org.apache.catalina.core.ApplicationContext.log Manager: restart: Reloading web application '/MYUNIVAQ3'
06-Oct-2017 16:30:55.843 INFORMAZIONI [http-nio-8088-exec-13] org.apache.catalina.core.ApplicationContext.log Manager: list: Listing contexts for virtual host 'localhost'
06-Oct-2017 16:30:56.307 INFORMAZIONI [http-nio-8088-exec-16] org.apache.catalina.core.ApplicationContext.log Manager: restart: Reloading web application '/MYUNIVAQ3'
06-Oct-2017 16:30:56.307 GRAVE [http-nio-8088-exec-16] org.apache.catalina.core.ApplicationContext.log Manager: ManagerServlet.reload[/MYUNIVAQ3]
 java.lang.IllegalStateException: Context with name [/MYUNIVAQ3] has not yet been started
	at org.apache.catalina.core.StandardContext.reload(StandardContext.java:3764)
	at org.apache.catalina.manager.ManagerServlet.reload(ManagerServlet.java:1006)
	at org.apache.catalina.manager.ManagerServlet.doGet(ManagerServlet.java:346)
	at javax.servlet.http.HttpServlet.service(HttpServlet.java:622)
	at javax.servlet.http.HttpServlet.service(HttpServlet.java:729)
	at org.apache.catalina.core.ApplicationFilterChain.internalDoFilter(ApplicationFilterChain.java:230)
	at org.apache.catalina.core.ApplicationFilterChain.doFilter(ApplicationFilterChain.java:165)
	at org.apache.tomcat.websocket.server.WsFilter.doFilter(WsFilter.java:52)
	at org.apache.catalina.core.ApplicationFilterChain.internalDoFilter(ApplicationFilterChain.java:192)
	at org.apache.catalina.core.ApplicationFilterChain.doFilter(ApplicationFilterChain.java:165)
	at org.apache.catalina.filters.SetCharacterEncodingFilter.doFilter(SetCharacterEncodingFilter.java:108)
	at org.apache.catalina.core.ApplicationFilterChain.internalDoFilter(ApplicationFilterChain.java:192)
	at org.apache.catalina.core.ApplicationFilterChain.doFilter(ApplicationFilterChain.java:165)
	at org.apache.catalina.core.StandardWrapperValve.invoke(StandardWrapperValve.java:198)
	at org.apache.catalina.core.StandardContextValve.invoke(StandardContextValve.java:96)
	at org.apache.tomee.catalina.OpenEJBValve.invoke(OpenEJBValve.java:44)
	at org.apache.catalina.authenticator.AuthenticatorBase.invoke(AuthenticatorBase.java:591)
	at org.apache.catalina.core.StandardHostValve.invoke(StandardHostValve.java:140)
	at org.apache.catalina.valves.ErrorReportValve.invoke(ErrorReportValve.java:79)
	at org.apache.tomee.catalina.OpenEJBSecurityListener$RequestCapturer.invoke(OpenEJBSecurityListener.java:97)
	at org.apache.catalina.valves.AbstractAccessLogValve.invoke(AbstractAccessLogValve.java:624)
	at org.apache.catalina.core.StandardEngineValve.invoke(StandardEngineValve.java:87)
	at org.apache.catalina.connector.CoyoteAdapter.service(CoyoteAdapter.java:349)
	at org.apache.coyote.http11.Http11Processor.service(Http11Processor.java:783)
	at org.apache.coyote.AbstractProcessorLight.process(AbstractProcessorLight.java:66)
	at org.apache.coyote.AbstractProtocol$ConnectionHandler.process(AbstractProtocol.java:798)
	at org.apache.tomcat.util.net.NioEndpoint$SocketProcessor.doRun(NioEndpoint.java:1434)
	at org.apache.tomcat.util.net.SocketProcessorBase.run(SocketProcessorBase.java:49)
	at java.util.concurrent.ThreadPoolExecutor.runWorker(ThreadPoolExecutor.java:1142)
	at java.util.concurrent.ThreadPoolExecutor$Worker.run(ThreadPoolExecutor.java:617)
	at org.apache.tomcat.util.threads.TaskThread$WrappingRunnable.run(TaskThread.java:61)
	at java.lang.Thread.run(Thread.java:748)

06-Oct-2017 16:30:57.244 INFORMAZIONI [http-nio-8088-exec-20] org.apache.catalina.core.ApplicationContext.log Manager: list: Listing contexts for virtual host 'localhost'
06-Oct-2017 16:30:57.247 INFORMAZIONI [http-nio-8088-exec-17] org.apache.catalina.core.ApplicationContext.log Manager: list: Listing contexts for virtual host 'localhost'
06-Oct-2017 16:30:57.256 INFORMAZIONI [http-nio-8088-exec-3] org.apache.catalina.core.ApplicationContext.log Manager: undeploy: Undeploying web application at '/MYUNIVAQ3'
06-Oct-2017 16:30:57.792 INFORMAZIONI [http-nio-8088-exec-15] org.apache.catalina.core.ApplicationContext.log Manager: install: Installing context configuration at 'file:/C:/Users/andre/AppData/Local/Temp/context2696212112491961692.xml'
06-Oct-2017 16:31:18.635 INFORMAZIONI [http-nio-8088-exec-19] org.apache.catalina.core.ApplicationContext.log Manager: list: Listing contexts for virtual host 'localhost'
06-Oct-2017 16:31:18.638 INFORMAZIONI [http-nio-8088-exec-12] org.apache.catalina.core.ApplicationContext.log Manager: list: Listing contexts for virtual host 'localhost'
06-Oct-2017 16:31:18.651 INFORMAZIONI [http-nio-8088-exec-18] org.apache.catalina.core.ApplicationContext.log Manager: install: Installing context configuration at 'file:/C:/Users/andre/AppData/Local/Temp/context4407990185156288249.xml'
06-Oct-2017 16:31:36.181 INFORMAZIONI [http-nio-8088-exec-11] org.apache.catalina.core.ApplicationContext.log Manager: list: Listing contexts for virtual host 'localhost'
06-Oct-2017 16:31:36.185 INFORMAZIONI [http-nio-8088-exec-13] org.apache.catalina.core.ApplicationContext.log Manager: list: Listing contexts for virtual host 'localhost'
06-Oct-2017 16:31:36.197 INFORMAZIONI [http-nio-8088-exec-19] org.apache.catalina.core.ApplicationContext.log Manager: install: Installing context configuration at 'file:/C:/Users/andre/AppData/Local/Temp/context1746699020796946727.xml'
06-Oct-2017 16:31:46.248 INFORMAZIONI [http-nio-8088-exec-24] org.apache.catalina.core.ApplicationContext.log Manager: list: Listing contexts for virtual host 'localhost'
06-Oct-2017 16:31:46.252 INFORMAZIONI [http-nio-8088-exec-21] org.apache.catalina.core.ApplicationContext.log Manager: list: Listing contexts for virtual host 'localhost'
06-Oct-2017 16:31:46.269 INFORMAZIONI [http-nio-8088-exec-11] org.apache.catalina.core.ApplicationContext.log Manager: install: Installing context configuration at 'file:/C:/Users/andre/AppData/Local/Temp/context3065432110968453949.xml'
06-Oct-2017 16:31:46.709 INFORMAZIONI [http-nio-8088-exec-13] org.apache.catalina.core.ApplicationContext.log Manager: start: Starting web application '/MYUNIVAQ3'
06-Oct-2017 16:32:48.265 INFORMAZIONI [http-nio-8088-exec-24] org.apache.catalina.core.ApplicationContext.log Manager: list: Listing contexts for virtual host 'localhost'
06-Oct-2017 16:32:48.275 INFORMAZIONI [http-nio-8088-exec-26] org.apache.catalina.core.ApplicationContext.log Manager: stop: Stopping web application '/MYUNIVAQ3'
06-Oct-2017 16:32:48.399 INFORMAZIONI [http-nio-8088-exec-24] org.apache.catalina.core.ApplicationContext.log Manager: start: Starting web application '/MYUNIVAQ3'
06-Oct-2017 16:32:50.824 INFORMAZIONI [http-nio-8088-exec-13] org.apache.catalina.core.ApplicationContext.log Manager: list: Listing contexts for virtual host 'localhost'
06-Oct-2017 16:32:50.835 INFORMAZIONI [http-nio-8088-exec-19] org.apache.catalina.core.ApplicationContext.log Manager: restart: Reloading web application '/MYUNIVAQ3'
06-Oct-2017 16:32:51.660 INFORMAZIONI [http-nio-8088-exec-29] org.apache.catalina.core.ApplicationContext.log Manager: list: Listing contexts for virtual host 'localhost'
06-Oct-2017 16:32:51.670 INFORMAZIONI [http-nio-8088-exec-24] org.apache.catalina.core.ApplicationContext.log Manager: restart: Reloading web application '/MYUNIVAQ3'
06-Oct-2017 16:34:19.483 INFORMAZIONI [http-nio-8088-exec-2] org.apache.catalina.core.ApplicationContext.log Manager: init: Associated with Deployer 'Catalina:type=Deployer,host=localhost'
06-Oct-2017 16:34:19.483 INFORMAZIONI [http-nio-8088-exec-2] org.apache.catalina.core.ApplicationContext.log Manager: init: Global resources are available
06-Oct-2017 16:34:19.484 INFORMAZIONI [http-nio-8088-exec-2] org.apache.catalina.core.ApplicationContext.log Manager: list: Listing contexts for virtual host 'localhost'
06-Oct-2017 16:34:19.493 INFORMAZIONI [http-nio-8088-exec-1] org.apache.catalina.core.ApplicationContext.log Manager: list: Listing contexts for virtual host 'localhost'
06-Oct-2017 16:34:19.518 INFORMAZIONI [http-nio-8088-exec-3] org.apache.catalina.core.ApplicationContext.log Manager: install: Installing context configuration at 'file:/C:/Users/andre/AppData/Local/Temp/context164179144949237075.xml'
06-Oct-2017 16:34:35.211 INFORMAZIONI [http-nio-8088-exec-9] org.apache.catalina.core.ApplicationContext.log Manager: list: Listing contexts for virtual host 'localhost'
06-Oct-2017 16:34:35.216 INFORMAZIONI [http-nio-8088-exec-10] org.apache.catalina.core.ApplicationContext.log Manager: list: Listing contexts for virtual host 'localhost'
06-Oct-2017 16:34:35.233 INFORMAZIONI [http-nio-8088-exec-2] org.apache.catalina.core.ApplicationContext.log Manager: install: Installing context configuration at 'file:/C:/Users/andre/AppData/Local/Temp/context7194808414233125502.xml'
06-Oct-2017 16:34:53.111 INFORMAZIONI [http-nio-8088-exec-6] org.apache.catalina.core.ApplicationContext.log Manager: list: Listing contexts for virtual host 'localhost'
06-Oct-2017 16:42:38.728 INFORMAZIONI [http-nio-8088-exec-6] org.apache.catalina.core.ApplicationContext.log Manager: init: Associated with Deployer 'Catalina:type=Deployer,host=localhost'
06-Oct-2017 16:42:38.728 INFORMAZIONI [http-nio-8088-exec-6] org.apache.catalina.core.ApplicationContext.log Manager: init: Global resources are available
06-Oct-2017 16:42:38.729 INFORMAZIONI [http-nio-8088-exec-6] org.apache.catalina.core.ApplicationContext.log Manager: list: Listing contexts for virtual host 'localhost'
06-Oct-2017 16:42:38.734 INFORMAZIONI [http-nio-8088-exec-7] org.apache.catalina.core.ApplicationContext.log Manager: list: Listing contexts for virtual host 'localhost'
06-Oct-2017 16:42:38.746 INFORMAZIONI [http-nio-8088-exec-8] org.apache.catalina.core.ApplicationContext.log Manager: install: Installing context configuration at 'file:/C:/Users/andre/AppData/Local/Temp/context1462495113770807105.xml'
06-Oct-2017 16:42:46.861 INFORMAZIONI [http-nio-8088-exec-4] org.apache.catalina.core.ApplicationContext.log Manager: list: Listing contexts for virtual host 'localhost'
06-Oct-2017 16:42:46.865 INFORMAZIONI [http-nio-8088-exec-5] org.apache.catalina.core.ApplicationContext.log Manager: list: Listing contexts for virtual host 'localhost'
06-Oct-2017 16:42:46.876 INFORMAZIONI [http-nio-8088-exec-6] org.apache.catalina.core.ApplicationContext.log Manager: install: Installing context configuration at 'file:/C:/Users/andre/AppData/Local/Temp/context4253052181650930626.xml'
06-Oct-2017 16:47:04.692 INFORMAZIONI [http-nio-8088-exec-9] org.apache.catalina.core.ApplicationContext.log Manager: init: Associated with Deployer 'Catalina:type=Deployer,host=localhost'
06-Oct-2017 16:47:04.692 INFORMAZIONI [http-nio-8088-exec-9] org.apache.catalina.core.ApplicationContext.log Manager: init: Global resources are available
06-Oct-2017 16:47:04.692 INFORMAZIONI [http-nio-8088-exec-9] org.apache.catalina.core.ApplicationContext.log Manager: list: Listing contexts for virtual host 'localhost'
06-Oct-2017 16:47:10.058 INFORMAZIONI [http-nio-8088-exec-5] org.apache.catalina.core.ApplicationContext.log Manager: list: Listing contexts for virtual host 'localhost'
06-Oct-2017 16:47:10.062 INFORMAZIONI [http-nio-8088-exec-6] org.apache.catalina.core.ApplicationContext.log Manager: list: Listing contexts for virtual host 'localhost'
06-Oct-2017 16:47:10.074 INFORMAZIONI [http-nio-8088-exec-7] org.apache.catalina.core.ApplicationContext.log Manager: install: Installing context configuration at 'file:/C:/Users/andre/AppData/Local/Temp/context3061861662266384423.xml'
06-Oct-2017 16:47:18.638 INFORMAZIONI [http-nio-8088-exec-3] org.apache.catalina.core.ApplicationContext.log Manager: list: Listing contexts for virtual host 'localhost'
06-Oct-2017 16:47:18.642 INFORMAZIONI [http-nio-8088-exec-4] org.apache.catalina.core.ApplicationContext.log Manager: list: Listing contexts for virtual host 'localhost'
06-Oct-2017 16:47:18.653 INFORMAZIONI [http-nio-8088-exec-5] org.apache.catalina.core.ApplicationContext.log Manager: install: Installing context configuration at 'file:/C:/Users/andre/AppData/Local/Temp/context1951372111769580017.xml'
06-Oct-2017 16:47:33.424 INFORMAZIONI [http-nio-8088-exec-10] org.apache.catalina.core.ApplicationContext.log Manager: list: Listing contexts for virtual host 'localhost'
06-Oct-2017 16:48:05.819 INFORMAZIONI [http-nio-8088-exec-5] org.apache.catalina.core.ApplicationContext.log Manager: list: Listing contexts for virtual host 'localhost'
06-Oct-2017 16:48:05.832 INFORMAZIONI [http-nio-8088-exec-6] org.apache.catalina.core.ApplicationContext.log Manager: stop: Stopping web application '/MYUNIVAQ3'
06-Oct-2017 16:48:05.968 INFORMAZIONI [http-nio-8088-exec-2] org.apache.catalina.core.ApplicationContext.log Manager: start: Starting web application '/MYUNIVAQ3'
06-Oct-2017 16:49:45.231 INFORMAZIONI [http-nio-8088-exec-6] org.apache.catalina.core.ApplicationContext.log Manager: init: Associated with Deployer 'Catalina:type=Deployer,host=localhost'
06-Oct-2017 16:49:45.231 INFORMAZIONI [http-nio-8088-exec-6] org.apache.catalina.core.ApplicationContext.log Manager: init: Global resources are available
06-Oct-2017 16:49:45.232 INFORMAZIONI [http-nio-8088-exec-6] org.apache.catalina.core.ApplicationContext.log Manager: list: Listing contexts for virtual host 'localhost'
06-Oct-2017 16:49:45.243 INFORMAZIONI [http-nio-8088-exec-7] org.apache.catalina.core.ApplicationContext.log Manager: list: Listing contexts for virtual host 'localhost'
06-Oct-2017 16:49:45.267 INFORMAZIONI [http-nio-8088-exec-8] org.apache.catalina.core.ApplicationContext.log Manager: undeploy: Undeploying web application at '/MYUNIVAQ3'
06-Oct-2017 16:49:45.952 INFORMAZIONI [http-nio-8088-exec-10] org.apache.catalina.core.ApplicationContext.log Manager: install: Installing context configuration at 'file:/C:/Users/andre/AppData/Local/Temp/context2912955916405407028.xml'
06-Oct-2017 16:49:46.318 INFORMAZIONI [http-nio-8088-exec-11] org.apache.catalina.core.ApplicationContext.log Manager: start: Starting web application '/MYUNIVAQ3'
06-Oct-2017 16:50:33.047 INFORMAZIONI [http-nio-8088-exec-9] org.apache.catalina.core.ApplicationContext.log Manager: list: Listing contexts for virtual host 'localhost'
06-Oct-2017 16:50:33.063 INFORMAZIONI [http-nio-8088-exec-10] org.apache.catalina.core.ApplicationContext.log Manager: stop: Stopping web application '/MYUNIVAQ3'
06-Oct-2017 16:50:33.223 INFORMAZIONI [http-nio-8088-exec-16] org.apache.catalina.core.ApplicationContext.log Manager: start: Starting web application '/MYUNIVAQ3'
06-Oct-2017 16:50:37.683 INFORMAZIONI [http-nio-8088-exec-12] org.apache.catalina.core.ApplicationContext.log Manager: list: Listing contexts for virtual host 'localhost'
06-Oct-2017 16:50:37.698 INFORMAZIONI [http-nio-8088-exec-14] org.apache.catalina.core.ApplicationContext.log Manager: restart: Reloading web application '/MYUNIVAQ3'
06-Oct-2017 16:50:38.833 INFORMAZIONI [http-nio-8088-exec-17] org.apache.catalina.core.ApplicationContext.log Manager: list: Listing contexts for virtual host 'localhost'
06-Oct-2017 16:50:38.841 INFORMAZIONI [http-nio-8088-exec-16] org.apache.catalina.core.ApplicationContext.log Manager: restart: Reloading web application '/MYUNIVAQ3'
06-Oct-2017 16:50:41.096 INFORMAZIONI [http-nio-8088-exec-14] org.apache.catalina.core.ApplicationContext.log Manager: list: Listing contexts for virtual host 'localhost'
06-Oct-2017 16:50:41.100 INFORMAZIONI [http-nio-8088-exec-3] org.apache.catalina.core.ApplicationContext.log Manager: list: Listing contexts for virtual host 'localhost'
06-Oct-2017 16:50:41.108 INFORMAZIONI [http-nio-8088-exec-17] org.apache.catalina.core.ApplicationContext.log Manager: undeploy: Undeploying web application at '/MYUNIVAQ3'
06-Oct-2017 16:50:41.629 INFORMAZIONI [http-nio-8088-exec-14] org.apache.catalina.core.ApplicationContext.log Manager: install: Installing context configuration at 'file:/C:/Users/andre/AppData/Local/Temp/context3641290032491415606.xml'
06-Oct-2017 16:50:50.674 INFORMAZIONI [http-nio-8088-exec-10] org.apache.catalina.core.ApplicationContext.log Manager: list: Listing contexts for virtual host 'localhost'
06-Oct-2017 16:50:50.678 INFORMAZIONI [http-nio-8088-exec-6] org.apache.catalina.core.ApplicationContext.log Manager: list: Listing contexts for virtual host 'localhost'
06-Oct-2017 16:50:50.690 INFORMAZIONI [http-nio-8088-exec-15] org.apache.catalina.core.ApplicationContext.log Manager: install: Installing context configuration at 'file:/C:/Users/andre/AppData/Local/Temp/context4178648311371449505.xml'
06-Oct-2017 16:51:10.075 INFORMAZIONI [http-nio-8088-exec-18] org.apache.catalina.core.ApplicationContext.log Manager: list: Listing contexts for virtual host 'localhost'
06-Oct-2017 16:51:11.904 INFORMAZIONI [http-nio-8088-exec-15] org.apache.catalina.core.ApplicationContext.log Manager: list: Listing contexts for virtual host 'localhost'
06-Oct-2017 16:51:11.908 INFORMAZIONI [http-nio-8088-exec-20] org.apache.catalina.core.ApplicationContext.log Manager: list: Listing contexts for virtual host 'localhost'
06-Oct-2017 16:51:11.922 INFORMAZIONI [http-nio-8088-exec-23] org.apache.catalina.core.ApplicationContext.log Manager: install: Installing context configuration at 'file:/C:/Users/andre/AppData/Local/Temp/context5528320999618084852.xml'
06-Oct-2017 16:51:18.658 INFORMAZIONI [http-nio-8088-exec-10] org.apache.catalina.core.ApplicationContext.log Manager: list: Listing contexts for virtual host 'localhost'
06-Oct-2017 16:51:18.661 INFORMAZIONI [http-nio-8088-exec-6] org.apache.catalina.core.ApplicationContext.log Manager: list: Listing contexts for virtual host 'localhost'
06-Oct-2017 16:51:18.672 INFORMAZIONI [http-nio-8088-exec-15] org.apache.catalina.core.ApplicationContext.log Manager: install: Installing context configuration at 'file:/C:/Users/andre/AppData/Local/Temp/context4230823456482354273.xml'
06-Oct-2017 17:07:04.568 INFORMAZIONI [http-nio-8088-exec-25] org.apache.catalina.core.ApplicationContext.log Manager: list: Listing contexts for virtual host 'localhost'
06-Oct-2017 17:07:10.481 INFORMAZIONI [http-nio-8088-exec-20] org.apache.catalina.core.ApplicationContext.log Manager: list: Listing contexts for virtual host 'localhost'
06-Oct-2017 17:09:56.825 INFORMAZIONI [http-nio-8088-exec-10] org.apache.catalina.core.ApplicationContext.log Manager: init: Associated with Deployer 'Catalina:type=Deployer,host=localhost'
06-Oct-2017 17:09:56.825 INFORMAZIONI [http-nio-8088-exec-10] org.apache.catalina.core.ApplicationContext.log Manager: init: Global resources are available
06-Oct-2017 17:09:56.826 INFORMAZIONI [http-nio-8088-exec-10] org.apache.catalina.core.ApplicationContext.log Manager: list: Listing contexts for virtual host 'localhost'
06-Oct-2017 17:09:56.836 INFORMAZIONI [http-nio-8088-exec-2] org.apache.catalina.core.ApplicationContext.log Manager: list: Listing contexts for virtual host 'localhost'
06-Oct-2017 17:09:56.848 INFORMAZIONI [http-nio-8088-exec-1] org.apache.catalina.core.ApplicationContext.log Manager: undeploy: Undeploying web application at '/MYUNIVAQ3'
06-Oct-2017 17:10:10.380 INFORMAZIONI [http-nio-8088-exec-5] org.apache.catalina.core.ApplicationContext.log Manager: list: Listing contexts for virtual host 'localhost'
06-Oct-2017 17:10:10.384 INFORMAZIONI [http-nio-8088-exec-7] org.apache.catalina.core.ApplicationContext.log Manager: list: Listing contexts for virtual host 'localhost'
06-Oct-2017 17:10:10.404 INFORMAZIONI [http-nio-8088-exec-10] org.apache.catalina.core.ApplicationContext.log Manager: install: Installing context configuration at 'file:/C:/Users/andre/AppData/Local/Temp/context7427227079994980931.xml'
06-Oct-2017 17:10:12.325 INFORMAZIONI [http-nio-8088-exec-2] org.apache.catalina.core.ApplicationContext.log Manager: start: Starting web application '/MYUNIVAQ3'
